# JRE version: OpenJDK Runtime Environment Microsoft-8035246 (17.0.8+7) (build 17.0.8+7-LTS)
# Java VM: OpenJDK 64-Bit Server VM Microsoft-8035246 (17.0.8+7-LTS, mixed mode, sharing, tiered, compressed oops, compressed class ptrs, g1 gc, windows-amd64)
GC Precious Log:
 CPUs: 4 total, 4 available
 Memory: 12179M
 Large Page Support: Disabled
 NUMA Support: Disabled
 Compressed Oops: Enabled (32-bit)
 Heap Region Size: 1M
 Heap Min Capacity: 8M
 Heap Initial Capacity: 192M
 Heap Max Capacity: 2G
 Pre-touch: Disabled
 Parallel Workers: 4
 Concurrent Workers: 1
 Concurrent Refinement Workers: 4
 Periodic GC: Disabled
Heap:
 garbage-first heap   total 253952K, used 203400K [0x0000000080000000, 0x0000000100000000)
  region size 1024K, 19 young (19456K), 5 survivors (5120K)
 Metaspace       used 100171K, committed 101376K, reserved 557056K
  class space    used 13960K, committed 14528K, reserved 425984K
GC Heap History (20 events):
Event: 83.151 GC heap before
{Heap before GC invocations=55 (full 0):
 garbage-first heap   total 253952K, used 202708K [0x0000000080000000, 0x0000000100000000)
  region size 1024K, 77 young (78848K), 12 survivors (12288K)
 Metaspace       used 91253K, committed 92352K, reserved 557056K
  class space    used 12795K, committed 13312K, reserved 425984K
}
Event: 83.191 GC heap after
{Heap after GC invocations=56 (full 0):
 garbage-first heap   total 253952K, used 154580K [0x0000000080000000, 0x0000000100000000)
  region size 1024K, 10 young (10240K), 10 survivors (10240K)
 Metaspace       used 91253K, committed 92352K, reserved 557056K
  class space    used 12795K, committed 13312K, reserved 425984K
}
Event: 84.389 GC heap before
{Heap before GC invocations=56 (full 0):
 garbage-first heap   total 253952K, used 204756K [0x0000000080000000, 0x0000000100000000)
  region size 1024K, 58 young (59392K), 10 survivors (10240K)
 Metaspace       used 92537K, committed 93632K, reserved 557056K
  class space    used 12957K, committed 13504K, reserved 425984K
}
Event: 84.419 GC heap after
{Heap after GC invocations=57 (full 0):
 garbage-first heap   total 253952K, used 164164K [0x0000000080000000, 0x0000000100000000)
  region size 1024K, 8 young (8192K), 8 survivors (8192K)
 Metaspace       used 92537K, committed 93632K, reserved 557056K
  class space    used 12957K, committed 13504K, reserved 425984K
}
Event: 85.789 GC heap before
{Heap before GC invocations=57 (full 0):
 garbage-first heap   total 253952K, used 206148K [0x0000000080000000, 0x0000000100000000)
  region size 1024K, 49 young (50176K), 8 survivors (8192K)
 Metaspace       used 96156K, committed 97280K, reserved 557056K
  class space    used 13489K, committed 14016K, reserved 425984K
}
Event: 85.802 GC heap after
{Heap after GC invocations=58 (full 0):
 garbage-first heap   total 253952K, used 166638K [0x0000000080000000, 0x0000000100000000)
  region size 1024K, 3 young (3072K), 3 survivors (3072K)
 Metaspace       used 96156K, committed 97280K, reserved 557056K
  class space    used 13489K, committed 14016K, reserved 425984K
}
Event: 87.766 GC heap before
{Heap before GC invocations=58 (full 0):
 garbage-first heap   total 253952K, used 208622K [0x0000000080000000, 0x0000000100000000)
  region size 1024K, 44 young (45056K), 3 survivors (3072K)
 Metaspace       used 97590K, committed 98752K, reserved 557056K
  class space    used 13673K, committed 14208K, reserved 425984K
}
Event: 87.797 GC heap after
{Heap after GC invocations=59 (full 0):
 garbage-first heap   total 253952K, used 172684K [0x0000000080000000, 0x0000000100000000)
  region size 1024K, 6 young (6144K), 6 survivors (6144K)
 Metaspace       used 97590K, committed 98752K, reserved 557056K
  class space    used 13673K, committed 14208K, reserved 425984K
}
Event: 89.083 GC heap before
{Heap before GC invocations=59 (full 0):
 garbage-first heap   total 253952K, used 210572K [0x0000000080000000, 0x0000000100000000)
  region size 1024K, 43 young (44032K), 6 survivors (6144K)
 Metaspace       used 98365K, committed 99456K, reserved 557056K
  class space    used 13759K, committed 14272K, reserved 425984K
}
Event: 89.103 GC heap after
{Heap after GC invocations=60 (full 0):
 garbage-first heap   total 253952K, used 177026K [0x0000000080000000, 0x0000000100000000)
  region size 1024K, 5 young (5120K), 5 survivors (5120K)
 Metaspace       used 98365K, committed 99456K, reserved 557056K
  class space    used 13759K, committed 14272K, reserved 425984K
}
Event: 89.849 GC heap before
{Heap before GC invocations=60 (full 0):
 garbage-first heap   total 253952K, used 211842K [0x0000000080000000, 0x0000000100000000)
  region size 1024K, 39 young (39936K), 5 survivors (5120K)
 Metaspace       used 98519K, committed 99584K, reserved 557056K
  class space    used 13759K, committed 14272K, reserved 425984K
}
Event: 89.865 GC heap after
{Heap after GC invocations=61 (full 0):
 garbage-first heap   total 253952K, used 180337K [0x0000000080000000, 0x0000000100000000)
  region size 1024K, 4 young (4096K), 4 survivors (4096K)
 Metaspace       used 98519K, committed 99584K, reserved 557056K
  class space    used 13759K, committed 14272K, reserved 425984K
}
Event: 90.916 GC heap before
{Heap before GC invocations=61 (full 0):
 garbage-first heap   total 253952K, used 214129K [0x0000000080000000, 0x0000000100000000)
  region size 1024K, 37 young (37888K), 4 survivors (4096K)
 Metaspace       used 99006K, committed 100096K, reserved 557056K
  class space    used 13819K, committed 14336K, reserved 425984K
}
Event: 90.938 GC heap after
{Heap after GC invocations=62 (full 0):
 garbage-first heap   total 253952K, used 184445K [0x0000000080000000, 0x0000000100000000)
  region size 1024K, 5 young (5120K), 5 survivors (5120K)
 Metaspace       used 99006K, committed 100096K, reserved 557056K
  class space    used 13819K, committed 14336K, reserved 425984K
}
Event: 92.305 GC heap before
{Heap before GC invocations=62 (full 0):
 garbage-first heap   total 253952K, used 214141K [0x0000000080000000, 0x0000000100000000)
  region size 1024K, 35 young (35840K), 5 survivors (5120K)
 Metaspace       used 99642K, committed 100800K, reserved 557056K
  class space    used 13907K, committed 14464K, reserved 425984K
}
Event: 92.318 GC heap after
{Heap after GC invocations=63 (full 0):
 garbage-first heap   total 253952K, used 186283K [0x0000000080000000, 0x0000000100000000)
  region size 1024K, 2 young (2048K), 2 survivors (2048K)
 Metaspace       used 99642K, committed 100800K, reserved 557056K
  class space    used 13907K, committed 14464K, reserved 425984K
}
Event: 93.532 GC heap before
{Heap before GC invocations=63 (full 0):
 garbage-first heap   total 253952K, used 217003K [0x0000000080000000, 0x0000000100000000)
  region size 1024K, 33 young (33792K), 2 survivors (2048K)
 Metaspace       used 99863K, committed 101056K, reserved 557056K
  class space    used 13907K, committed 14464K, reserved 425984K
}
Event: 93.540 GC heap after
{Heap after GC invocations=64 (full 0):
 garbage-first heap   total 253952K, used 187307K [0x0000000080000000, 0x0000000100000000)
  region size 1024K, 3 young (3072K), 3 survivors (3072K)
 Metaspace       used 99863K, committed 101056K, reserved 557056K
  class space    used 13907K, committed 14464K, reserved 425984K
}
Event: 94.628 GC heap before
{Heap before GC invocations=64 (full 0):
 garbage-first heap   total 253952K, used 219051K [0x0000000080000000, 0x0000000100000000)
  region size 1024K, 34 young (34816K), 3 survivors (3072K)
 Metaspace       used 100171K, committed 101376K, reserved 557056K
  class space    used 13960K, committed 14528K, reserved 425984K
}
Event: 94.640 GC heap after
{Heap after GC invocations=65 (full 0):
 garbage-first heap   total 253952K, used 191112K [0x0000000080000000, 0x0000000100000000)
  region size 1024K, 5 young (5120K), 5 survivors (5120K)
 Metaspace       used 100171K, committed 101376K, reserved 557056K
  class space    used 13960K, committed 14528K, reserved 425984K
}

