# JRE version: OpenJDK Runtime Environment Microsoft-8035246 (17.0.8+7) (build 17.0.8+7-LTS)
# Java VM: OpenJDK 64-Bit Server VM Microsoft-8035246 (17.0.8+7-LTS, mixed mode, sharing, tiered, compressed oops, compressed class ptrs, g1 gc, windows-amd64)
GC Precious Log:
 CPUs: 4 total, 4 available
 Memory: 12179M
 Large Page Support: Disabled
 NUMA Support: Disabled
 Compressed Oops: Enabled (32-bit)
 Heap Region Size: 1M
 Heap Min Capacity: 8M
 Heap Initial Capacity: 192M
 Heap Max Capacity: 2G
 Pre-touch: Disabled
 Parallel Workers: 4
 Concurrent Workers: 1
 Concurrent Refinement Workers: 4
 Periodic GC: Disabled
Heap:
 garbage-first heap   total 242688K, used 179488K [0x0000000080000000, 0x0000000100000000)
  region size 1024K, 34 young (34816K), 5 survivors (5120K)
 Metaspace       used 97656K, committed 98624K, reserved 557056K
  class space    used 13663K, committed 14080K, reserved 425984K
GC Heap History (20 events):
Event: 90.595 GC heap before
{Heap before GC invocations=65 (full 0):
 garbage-first heap   total 181248K, used 126936K [0x0000000080000000, 0x0000000100000000)
  region size 1024K, 18 young (18432K), 5 survivors (5120K)
 Metaspace       used 88096K, committed 88896K, reserved 557056K
  class space    used 12422K, committed 12800K, reserved 425984K
}
Event: 90.608 GC heap after
{Heap after GC invocations=66 (full 0):
 garbage-first heap   total 181248K, used 117736K [0x0000000080000000, 0x0000000100000000)
  region size 1024K, 3 young (3072K), 3 survivors (3072K)
 Metaspace       used 88096K, committed 88896K, reserved 557056K
  class space    used 12422K, committed 12800K, reserved 425984K
}
Event: 92.633 GC heap before
{Heap before GC invocations=67 (full 0):
 garbage-first heap   total 203776K, used 148456K [0x0000000080000000, 0x0000000100000000)
  region size 1024K, 33 young (33792K), 3 survivors (3072K)
 Metaspace       used 88411K, committed 89216K, reserved 557056K
  class space    used 12451K, committed 12800K, reserved 425984K
}
Event: 92.645 GC heap after
{Heap after GC invocations=68 (full 0):
 garbage-first heap   total 203776K, used 125601K [0x0000000080000000, 0x0000000100000000)
  region size 1024K, 5 young (5120K), 5 survivors (5120K)
 Metaspace       used 88411K, committed 89216K, reserved 557056K
  class space    used 12451K, committed 12800K, reserved 425984K
}
Event: 92.874 GC heap before
{Heap before GC invocations=68 (full 0):
 garbage-first heap   total 203776K, used 130721K [0x0000000080000000, 0x0000000100000000)
  region size 1024K, 9 young (9216K), 5 survivors (5120K)
 Metaspace       used 88438K, committed 89344K, reserved 557056K
  class space    used 12455K, committed 12864K, reserved 425984K
}
Event: 92.884 GC heap after
{Heap after GC invocations=69 (full 0):
 garbage-first heap   total 203776K, used 129702K [0x0000000080000000, 0x0000000100000000)
  region size 1024K, 2 young (2048K), 2 survivors (2048K)
 Metaspace       used 88438K, committed 89344K, reserved 557056K
  class space    used 12455K, committed 12864K, reserved 425984K
}
Event: 94.372 GC heap before
{Heap before GC invocations=69 (full 0):
 garbage-first heap   total 203776K, used 163494K [0x0000000080000000, 0x0000000100000000)
  region size 1024K, 35 young (35840K), 2 survivors (2048K)
 Metaspace       used 89688K, committed 90560K, reserved 557056K
  class space    used 12611K, committed 12992K, reserved 425984K
}
Event: 94.381 GC heap after
{Heap after GC invocations=70 (full 0):
 garbage-first heap   total 203776K, used 134509K [0x0000000080000000, 0x0000000100000000)
  region size 1024K, 5 young (5120K), 5 survivors (5120K)
 Metaspace       used 89688K, committed 90560K, reserved 557056K
  class space    used 12611K, committed 12992K, reserved 425984K
}
Event: 95.634 GC heap before
{Heap before GC invocations=70 (full 0):
 garbage-first heap   total 203776K, used 166253K [0x0000000080000000, 0x0000000100000000)
  region size 1024K, 36 young (36864K), 5 survivors (5120K)
 Metaspace       used 92314K, committed 93184K, reserved 557056K
  class space    used 13030K, committed 13440K, reserved 425984K
}
Event: 95.646 GC heap after
{Heap after GC invocations=71 (full 0):
 garbage-first heap   total 203776K, used 136175K [0x0000000080000000, 0x0000000100000000)
  region size 1024K, 2 young (2048K), 2 survivors (2048K)
 Metaspace       used 92314K, committed 93184K, reserved 557056K
  class space    used 13030K, committed 13440K, reserved 425984K
}
Event: 97.438 GC heap before
{Heap before GC invocations=71 (full 0):
 garbage-first heap   total 203776K, used 167919K [0x0000000080000000, 0x0000000100000000)
  region size 1024K, 33 young (33792K), 2 survivors (2048K)
 Metaspace       used 94812K, committed 95680K, reserved 557056K
  class space    used 13328K, committed 13760K, reserved 425984K
}
Event: 97.448 GC heap after
{Heap after GC invocations=72 (full 0):
 garbage-first heap   total 203776K, used 139138K [0x0000000080000000, 0x0000000100000000)
  region size 1024K, 5 young (5120K), 5 survivors (5120K)
 Metaspace       used 94812K, committed 95680K, reserved 557056K
  class space    used 13328K, committed 13760K, reserved 425984K
}
Event: 98.980 GC heap before
{Heap before GC invocations=73 (full 0):
 garbage-first heap   total 242688K, used 167810K [0x0000000080000000, 0x0000000100000000)
  region size 1024K, 33 young (33792K), 5 survivors (5120K)
 Metaspace       used 95909K, committed 96832K, reserved 557056K
  class space    used 13465K, committed 13888K, reserved 425984K
}
Event: 98.999 GC heap after
{Heap after GC invocations=74 (full 0):
 garbage-first heap   total 242688K, used 141815K [0x0000000080000000, 0x0000000100000000)
  region size 1024K, 4 young (4096K), 4 survivors (4096K)
 Metaspace       used 95909K, committed 96832K, reserved 557056K
  class space    used 13465K, committed 13888K, reserved 425984K
}
Event: 99.210 GC heap before
{Heap before GC invocations=74 (full 0):
 garbage-first heap   total 242688K, used 148983K [0x0000000080000000, 0x0000000100000000)
  region size 1024K, 11 young (11264K), 4 survivors (4096K)
 Metaspace       used 96046K, committed 96960K, reserved 557056K
  class space    used 13478K, committed 13888K, reserved 425984K
}
Event: 99.219 GC heap after
{Heap after GC invocations=75 (full 0):
 garbage-first heap   total 242688K, used 141885K [0x0000000080000000, 0x0000000100000000)
  region size 1024K, 2 young (2048K), 2 survivors (2048K)
 Metaspace       used 96046K, committed 96960K, reserved 557056K
  class space    used 13478K, committed 13888K, reserved 425984K
}
Event: 101.526 GC heap before
{Heap before GC invocations=75 (full 0):
 garbage-first heap   total 242688K, used 193085K [0x0000000080000000, 0x0000000100000000)
  region size 1024K, 53 young (54272K), 2 survivors (2048K)
 Metaspace       used 96978K, committed 97856K, reserved 557056K
  class space    used 13599K, committed 14016K, reserved 425984K
}
Event: 101.540 GC heap after
{Heap after GC invocations=76 (full 0):
 garbage-first heap   total 242688K, used 146844K [0x0000000080000000, 0x0000000100000000)
  region size 1024K, 6 young (6144K), 6 survivors (6144K)
 Metaspace       used 96978K, committed 97856K, reserved 557056K
  class space    used 13599K, committed 14016K, reserved 425984K
}
Event: 103.609 GC heap before
{Heap before GC invocations=76 (full 0):
 garbage-first heap   total 242688K, used 195996K [0x0000000080000000, 0x0000000100000000)
  region size 1024K, 55 young (56320K), 6 survivors (6144K)
 Metaspace       used 97603K, committed 98496K, reserved 557056K
  class space    used 13662K, committed 14080K, reserved 425984K
}
Event: 103.627 GC heap after
{Heap after GC invocations=77 (full 0):
 garbage-first heap   total 242688K, used 151840K [0x0000000080000000, 0x0000000100000000)
  region size 1024K, 5 young (5120K), 5 survivors (5120K)
 Metaspace       used 97603K, committed 98496K, reserved 557056K
  class space    used 13662K, committed 14080K, reserved 425984K
}

